<?xml version="1.0" encoding="UTF-8"?>
<!-- Generated by org.testng.reporters.JUnitReportReporter -->
<testsuite skipped="0" hostname="DESKTOP-23G3R4H" name="com.automation.tests.BasePageTest" tests="1" failures="0" timestamp="22 Mar 2018 09:15:53 GMT" time="1.705" errors="0">
  <testcase name="searchForNABSite" time="1.705" classname="com.automation.tests.BasePageTest"/>
</testsuite> <!-- com.automation.tests.BasePageTest -->
