<?xml version="1.0" encoding="UTF-8"?>
<!-- Generated by org.testng.reporters.JUnitReportReporter -->
<testsuite skipped="0" hostname="DESKTOP-23G3R4H" name="com.automation.tests.CompleteLoanRepaymentForm" tests="1" failures="0" timestamp="22 Mar 2018 09:15:53 GMT" time="10.062" errors="0">
  <testcase name="completeLoanRepaymentForm" time="10.062" classname="com.automation.tests.CompleteLoanRepaymentForm"/>
</testsuite> <!-- com.automation.tests.CompleteLoanRepaymentForm -->
