<?xml version="1.0" encoding="UTF-8"?>
<!-- Generated by org.testng.reporters.JUnitReportReporter -->
<testsuite skipped="0" hostname="DESKTOP-23G3R4H" name="com.automation.tests.NavigateToNABHomePage" tests="1" failures="0" timestamp="22 Mar 2018 09:15:53 GMT" time="6.790" errors="0">
  <testcase name="navigateToNABHomePage" time="6.790" classname="com.automation.tests.NavigateToNABHomePage"/>
</testsuite> <!-- com.automation.tests.NavigateToNABHomePage -->
